/usr/share/fonts: skipping, existing cache is valid: 0 fonts, 4 dirs
/usr/share/fonts/X11: skipping, existing cache is valid: 0 fonts, 4 dirs
/usr/share/fonts/X11/100dpi: skipping, existing cache is valid: 358 fonts, 0 dirs
/usr/share/fonts/X11/Type1: skipping, existing cache is valid: 35 fonts, 0 dirs
/usr/share/fonts/X11/encodings: skipping, existing cache is valid: 0 fonts, 1 dirs
/usr/share/fonts/X11/encodings/large: skipping, existing cache is valid: 0 fonts, 0 dirs
/usr/share/fonts/X11/util: skipping, existing cache is valid: 0 fonts, 0 dirs
/usr/share/fonts/cmap: skipping, existing cache is valid: 0 fonts, 5 dirs
/usr/share/fonts/cmap/adobe-cns1: skipping, existing cache is valid: 0 fonts, 0 dirs
/usr/share/fonts/cmap/adobe-gb1: skipping, existing cache is valid: 0 fonts, 0 dirs
/usr/share/fonts/cmap/adobe-japan1: skipping, existing cache is valid: 0 fonts, 0 dirs
/usr/share/fonts/cmap/adobe-japan2: skipping, existing cache is valid: 0 fonts, 0 dirs
/usr/share/fonts/cmap/adobe-korea1: skipping, existing cache is valid: 0 fonts, 0 dirs
/usr/share/fonts/truetype: skipping, existing cache is valid: 0 fonts, 6 dirs
/usr/share/fonts/truetype/dejavu: skipping, existing cache is valid: 21 fonts, 0 dirs
/usr/share/fonts/truetype/droid: skipping, existing cache is valid: 21 fonts, 0 dirs
/usr/share/fonts/truetype/freefont: skipping, existing cache is valid: 12 fonts, 0 dirs
/usr/share/fonts/truetype/gentium-basic: skipping, existing cache is valid: 8 fonts, 0 dirs
/usr/share/fonts/truetype/openoffice: skipping, existing cache is valid: 1 fonts, 0 dirs
/usr/share/fonts/truetype/roboto: skipping, existing cache is valid: 12 fonts, 0 dirs
/usr/share/fonts/type1: skipping, existing cache is valid: 0 fonts, 1 dirs
/usr/share/fonts/type1/gsfonts: skipping, existing cache is valid: 35 fonts, 0 dirs
/usr/X11R6/lib/X11/fonts: skipping, no such directory
/usr/local/share/fonts: skipping, existing cache is valid: 0 fonts, 0 dirs
/.local/share/fonts: skipping, no such directory
/usr/share/fonts: caching, new cache contents: 0 fonts, 4 dirs
/usr/X11R6/lib/X11/fonts: skipping, no such directory
/usr/local/share/fonts: caching, new cache contents: 0 fonts, 0 dirs
/.local/share/fonts: skipping, no such directory
/var/cache/fontconfig: cleaning cache directory
/.cache/fontconfig: not cleaning non-existent cache directory
/usr/bin/fc-cache: succeeded
